[ 2017-06-01T17:27:35+08:00 ] 127.0.0.1 /index.php/Wap/Performance/dayPerformanceList.html
INFO: [ app_init ] --START--
INFO: Run Behavior\BuildLiteBehavior [ RunTime:0.000018s ]
INFO: [ app_init ] --END-- [ RunTime:0.000603s ]
INFO: [ app_begin ] --START--
INFO: Run Behavior\ReadHtmlCacheBehavior [ RunTime:0.000937s ]
INFO: [ app_begin ] --END-- [ RunTime:0.000997s ]
SQL: select a.performance,d.department from `qp_department` as d LEFT JOIN 
(select SUM(`performance`) as performance,department_id from qp_performance where to_days(add_time) = to_days(now())
GROUP BY department_id) as a on d.id = a.department_id order by a.performance desc [ RunTime:0.0007s ]
INFO: [ view_parse ] --START--
INFO: [ template_filter ] --START--
INFO: Run Behavior\ContentReplaceBehavior [ RunTime:0.000042s ]
INFO: [ template_filter ] --END-- [ RunTime:0.000081s ]
INFO: Run Behavior\ParseTemplateBehavior [ RunTime:0.008615s ]
INFO: [ view_parse ] --END-- [ RunTime:0.008655s ]
INFO: [ view_filter ] --START--
INFO: Run Behavior\WriteHtmlCacheBehavior [ RunTime:0.000628s ]
INFO: [ view_filter ] --END-- [ RunTime:0.000661s ]
INFO: [ app_end ] --START--
INFO: Run Behavior\ShowPageTraceBehavior [ RunTime:0.000726s ]
INFO: [ app_end ] --END-- [ RunTime:0.000761s ]

[ 2017-06-01T17:27:46+08:00 ] 127.0.0.1 /index.php/Wap/Performance/yearPerformanceList.html
INFO: [ app_init ] --START--
INFO: Run Behavior\BuildLiteBehavior [ RunTime:0.000013s ]
INFO: [ app_init ] --END-- [ RunTime:0.000658s ]
INFO: [ app_begin ] --START--
INFO: Run Behavior\ReadHtmlCacheBehavior [ RunTime:0.000803s ]
INFO: [ app_begin ] --END-- [ RunTime:0.000844s ]
SQL: select a.performance,d.department from `qp_department` as d LEFT JOIN 
(select SUM(`performance`) as performance,department_id from qp_performance where YEAR(add_time) = YEAR(now()) 
GROUP BY department_id) as a on d.id = a.department_id order by a.performance desc [ RunTime:0.0006s ]
NOTIC: [8] Undefined variable: i_month D:\phpStudy\WWW\oa\Application\Wap\Controller\PerformanceController.class.php 第 304 行.
NOTIC: [8] Undefined variable: i_month D:\phpStudy\WWW\oa\Application\Wap\Controller\PerformanceController.class.php 第 304 行.
NOTIC: [8] Undefined variable: i_month D:\phpStudy\WWW\oa\Application\Wap\Controller\PerformanceController.class.php 第 304 行.
NOTIC: [8] Undefined variable: i_month D:\phpStudy\WWW\oa\Application\Wap\Controller\PerformanceController.class.php 第 304 行.
NOTIC: [8] Undefined variable: i_month D:\phpStudy\WWW\oa\Application\Wap\Controller\PerformanceController.class.php 第 304 行.
NOTIC: [8] Undefined variable: i_month D:\phpStudy\WWW\oa\Application\Wap\Controller\PerformanceController.class.php 第 304 行.
NOTIC: [8] Undefined variable: i_month D:\phpStudy\WWW\oa\Application\Wap\Controller\PerformanceController.class.php 第 304 行.
NOTIC: [8] Undefined variable: i_month D:\phpStudy\WWW\oa\Application\Wap\Controller\PerformanceController.class.php 第 304 行.
NOTIC: [8] Undefined variable: i_month D:\phpStudy\WWW\oa\Application\Wap\Controller\PerformanceController.class.php 第 304 行.
NOTIC: [8] Undefined variable: i_month D:\phpStudy\WWW\oa\Application\Wap\Controller\PerformanceController.class.php 第 304 行.
NOTIC: [8] Undefined variable: i_month D:\phpStudy\WWW\oa\Application\Wap\Controller\PerformanceController.class.php 第 304 行.
INFO: [ view_parse ] --START--
INFO: [ template_filter ] --START--
INFO: Run Behavior\ContentReplaceBehavior [ RunTime:0.000040s ]
INFO: [ template_filter ] --END-- [ RunTime:0.000080s ]
NOTIC: [8] Undefined index: type D:\phpStudy\WWW\oa\Application\Runtime\Cache\Wap\fe233b39051fb871b14dd5d29cc2f1f9.php 第 44 行.
INFO: Run Behavior\ParseTemplateBehavior [ RunTime:0.007961s ]
INFO: [ view_parse ] --END-- [ RunTime:0.007997s ]
INFO: [ view_filter ] --START--
INFO: Run Behavior\WriteHtmlCacheBehavior [ RunTime:0.000473s ]
INFO: [ view_filter ] --END-- [ RunTime:0.000507s ]
INFO: [ app_end ] --START--
INFO: Run Behavior\ShowPageTraceBehavior [ RunTime:0.000646s ]
INFO: [ app_end ] --END-- [ RunTime:0.000679s ]

[ 2017-06-01T17:27:47+08:00 ] 127.0.0.1 /index.php/Wap/Performance/monthPerformanceList.html
INFO: [ app_init ] --START--
INFO: Run Behavior\BuildLiteBehavior [ RunTime:0.000012s ]
INFO: [ app_init ] --END-- [ RunTime:0.000376s ]
INFO: [ app_begin ] --START--
INFO: Run Behavior\ReadHtmlCacheBehavior [ RunTime:0.000699s ]
INFO: [ app_begin ] --END-- [ RunTime:0.000760s ]
SQL: select a.performance,d.department from `qp_department` as d LEFT JOIN 
(select SUM(`performance`) as performance,department_id from qp_performance where DATE_FORMAT(add_time, '%Y%m') = DATE_FORMAT(CURDATE(), '%Y%m')
GROUP BY department_id) as a on d.id = a.department_id order by a.performance desc [ RunTime:0.0006s ]
NOTIC: [8] Undefined variable: i_month D:\phpStudy\WWW\oa\Application\Wap\Controller\PerformanceController.class.php 第 187 行.
NOTIC: [8] Undefined variable: i_month D:\phpStudy\WWW\oa\Application\Wap\Controller\PerformanceController.class.php 第 187 行.
NOTIC: [8] Undefined variable: i_month D:\phpStudy\WWW\oa\Application\Wap\Controller\PerformanceController.class.php 第 187 行.
NOTIC: [8] Undefined variable: i_month D:\phpStudy\WWW\oa\Application\Wap\Controller\PerformanceController.class.php 第 187 行.
NOTIC: [8] Undefined variable: i_month D:\phpStudy\WWW\oa\Application\Wap\Controller\PerformanceController.class.php 第 187 行.
NOTIC: [8] Undefined variable: i_month D:\phpStudy\WWW\oa\Application\Wap\Controller\PerformanceController.class.php 第 187 行.
NOTIC: [8] Undefined variable: i_month D:\phpStudy\WWW\oa\Application\Wap\Controller\PerformanceController.class.php 第 187 行.
NOTIC: [8] Undefined variable: i_month D:\phpStudy\WWW\oa\Application\Wap\Controller\PerformanceController.class.php 第 187 行.
NOTIC: [8] Undefined variable: i_month D:\phpStudy\WWW\oa\Application\Wap\Controller\PerformanceController.class.php 第 187 行.
NOTIC: [8] Undefined variable: i_month D:\phpStudy\WWW\oa\Application\Wap\Controller\PerformanceController.class.php 第 187 行.
NOTIC: [8] Undefined variable: i_month D:\phpStudy\WWW\oa\Application\Wap\Controller\PerformanceController.class.php 第 187 行.
NOTIC: [8] Undefined variable: i_month D:\phpStudy\WWW\oa\Application\Wap\Controller\PerformanceController.class.php 第 187 行.
NOTIC: [8] Undefined variable: i_month D:\phpStudy\WWW\oa\Application\Wap\Controller\PerformanceController.class.php 第 187 行.
INFO: [ view_parse ] --START--
INFO: [ template_filter ] --START--
INFO: Run Behavior\ContentReplaceBehavior [ RunTime:0.000038s ]
INFO: [ template_filter ] --END-- [ RunTime:0.000087s ]
NOTIC: [8] Undefined index: type D:\phpStudy\WWW\oa\Application\Runtime\Cache\Wap\fe233b39051fb871b14dd5d29cc2f1f9.php 第 44 行.
INFO: Run Behavior\ParseTemplateBehavior [ RunTime:0.007080s ]
INFO: [ view_parse ] --END-- [ RunTime:0.007125s ]
INFO: [ view_filter ] --START--
INFO: Run Behavior\WriteHtmlCacheBehavior [ RunTime:0.000299s ]
INFO: [ view_filter ] --END-- [ RunTime:0.000329s ]
INFO: [ app_end ] --START--
INFO: Run Behavior\ShowPageTraceBehavior [ RunTime:0.000832s ]
INFO: [ app_end ] --END-- [ RunTime:0.000964s ]

[ 2017-06-01T17:27:48+08:00 ] 127.0.0.1 /index.php/Wap/Performance/dayPerformanceList.html
INFO: [ app_init ] --START--
INFO: Run Behavior\BuildLiteBehavior [ RunTime:0.000022s ]
INFO: [ app_init ] --END-- [ RunTime:0.000588s ]
INFO: [ app_begin ] --START--
INFO: Run Behavior\ReadHtmlCacheBehavior [ RunTime:0.000638s ]
INFO: [ app_begin ] --END-- [ RunTime:0.000699s ]
SQL: select a.performance,d.department from `qp_department` as d LEFT JOIN 
(select SUM(`performance`) as performance,department_id from qp_performance where to_days(add_time) = to_days(now())
GROUP BY department_id) as a on d.id = a.department_id order by a.performance desc [ RunTime:0.0006s ]
INFO: [ view_parse ] --START--
INFO: [ template_filter ] --START--
INFO: Run Behavior\ContentReplaceBehavior [ RunTime:0.000051s ]
INFO: [ template_filter ] --END-- [ RunTime:0.000130s ]
INFO: Run Behavior\ParseTemplateBehavior [ RunTime:0.009646s ]
INFO: [ view_parse ] --END-- [ RunTime:0.009722s ]
INFO: [ view_filter ] --START--
INFO: Run Behavior\WriteHtmlCacheBehavior [ RunTime:0.000358s ]
INFO: [ view_filter ] --END-- [ RunTime:0.000390s ]
INFO: [ app_end ] --START--
INFO: Run Behavior\ShowPageTraceBehavior [ RunTime:0.000672s ]
INFO: [ app_end ] --END-- [ RunTime:0.000709s ]

[ 2017-06-01T17:27:50+08:00 ] 127.0.0.1 /index.php/Wap/Performance/monthPerformanceList.html
INFO: [ app_init ] --START--
INFO: Run Behavior\BuildLiteBehavior [ RunTime:0.000013s ]
INFO: [ app_init ] --END-- [ RunTime:0.000546s ]
INFO: [ app_begin ] --START--
INFO: Run Behavior\ReadHtmlCacheBehavior [ RunTime:0.000596s ]
INFO: [ app_begin ] --END-- [ RunTime:0.000637s ]
SQL: select a.performance,d.department from `qp_department` as d LEFT JOIN 
(select SUM(`performance`) as performance,department_id from qp_performance where DATE_FORMAT(add_time, '%Y%m') = DATE_FORMAT(CURDATE(), '%Y%m')
GROUP BY department_id) as a on d.id = a.department_id order by a.performance desc [ RunTime:0.0007s ]
NOTIC: [8] Undefined variable: i_month D:\phpStudy\WWW\oa\Application\Wap\Controller\PerformanceController.class.php 第 187 行.
NOTIC: [8] Undefined variable: i_month D:\phpStudy\WWW\oa\Application\Wap\Controller\PerformanceController.class.php 第 187 行.
NOTIC: [8] Undefined variable: i_month D:\phpStudy\WWW\oa\Application\Wap\Controller\PerformanceController.class.php 第 187 行.
NOTIC: [8] Undefined variable: i_month D:\phpStudy\WWW\oa\Application\Wap\Controller\PerformanceController.class.php 第 187 行.
NOTIC: [8] Undefined variable: i_month D:\phpStudy\WWW\oa\Application\Wap\Controller\PerformanceController.class.php 第 187 行.
NOTIC: [8] Undefined variable: i_month D:\phpStudy\WWW\oa\Application\Wap\Controller\PerformanceController.class.php 第 187 行.
NOTIC: [8] Undefined variable: i_month D:\phpStudy\WWW\oa\Application\Wap\Controller\PerformanceController.class.php 第 187 行.
NOTIC: [8] Undefined variable: i_month D:\phpStudy\WWW\oa\Application\Wap\Controller\PerformanceController.class.php 第 187 行.
NOTIC: [8] Undefined variable: i_month D:\phpStudy\WWW\oa\Application\Wap\Controller\PerformanceController.class.php 第 187 行.
NOTIC: [8] Undefined variable: i_month D:\phpStudy\WWW\oa\Application\Wap\Controller\PerformanceController.class.php 第 187 行.
NOTIC: [8] Undefined variable: i_month D:\phpStudy\WWW\oa\Application\Wap\Controller\PerformanceController.class.php 第 187 行.
NOTIC: [8] Undefined variable: i_month D:\phpStudy\WWW\oa\Application\Wap\Controller\PerformanceController.class.php 第 187 行.
NOTIC: [8] Undefined variable: i_month D:\phpStudy\WWW\oa\Application\Wap\Controller\PerformanceController.class.php 第 187 行.
INFO: [ view_parse ] --START--
INFO: [ template_filter ] --START--
INFO: Run Behavior\ContentReplaceBehavior [ RunTime:0.000041s ]
INFO: [ template_filter ] --END-- [ RunTime:0.000078s ]
NOTIC: [8] Undefined index: type D:\phpStudy\WWW\oa\Application\Runtime\Cache\Wap\fe233b39051fb871b14dd5d29cc2f1f9.php 第 44 行.
INFO: Run Behavior\ParseTemplateBehavior [ RunTime:0.007116s ]
INFO: [ view_parse ] --END-- [ RunTime:0.007156s ]
INFO: [ view_filter ] --START--
INFO: Run Behavior\WriteHtmlCacheBehavior [ RunTime:0.000346s ]
INFO: [ view_filter ] --END-- [ RunTime:0.000378s ]
INFO: [ app_end ] --START--
INFO: Run Behavior\ShowPageTraceBehavior [ RunTime:0.000739s ]
INFO: [ app_end ] --END-- [ RunTime:0.000837s ]

[ 2017-06-01T17:27:50+08:00 ] 127.0.0.1 /index.php/Wap/Index/index.html
INFO: [ app_init ] --START--
INFO: Run Behavior\BuildLiteBehavior [ RunTime:0.000014s ]
INFO: [ app_init ] --END-- [ RunTime:0.000401s ]
INFO: [ app_begin ] --START--
INFO: Run Behavior\ReadHtmlCacheBehavior [ RunTime:0.000551s ]
INFO: [ app_begin ] --END-- [ RunTime:0.000597s ]

[ 2017-06-01T17:27:50+08:00 ] 127.0.0.1 /index.php/Wap/Index/mainView.html
INFO: [ app_init ] --START--
INFO: Run Behavior\BuildLiteBehavior [ RunTime:0.000026s ]
INFO: [ app_init ] --END-- [ RunTime:0.000765s ]
INFO: [ app_begin ] --START--
INFO: Run Behavior\ReadHtmlCacheBehavior [ RunTime:0.000833s ]
INFO: [ app_begin ] --END-- [ RunTime:0.000893s ]
INFO: [ view_parse ] --START--
INFO: [ template_filter ] --START--
INFO: Run Behavior\ContentReplaceBehavior [ RunTime:0.000035s ]
INFO: [ template_filter ] --END-- [ RunTime:0.000078s ]
INFO: Run Behavior\ParseTemplateBehavior [ RunTime:0.007394s ]
INFO: [ view_parse ] --END-- [ RunTime:0.007437s ]
INFO: [ view_filter ] --START--
INFO: Run Behavior\WriteHtmlCacheBehavior [ RunTime:0.000423s ]
INFO: [ view_filter ] --END-- [ RunTime:0.000455s ]
INFO: [ app_end ] --START--
INFO: Run Behavior\ShowPageTraceBehavior [ RunTime:0.000632s ]
INFO: [ app_end ] --END-- [ RunTime:0.000664s ]

[ 2017-06-01T17:27:51+08:00 ] 127.0.0.1 /index.php/Wap/Performance/monthPerformanceList.html
INFO: [ app_init ] --START--
INFO: Run Behavior\BuildLiteBehavior [ RunTime:0.000013s ]
INFO: [ app_init ] --END-- [ RunTime:0.000408s ]
INFO: [ app_begin ] --START--
INFO: Run Behavior\ReadHtmlCacheBehavior [ RunTime:0.000767s ]
INFO: [ app_begin ] --END-- [ RunTime:0.000829s ]
SQL: select a.performance,d.department from `qp_department` as d LEFT JOIN 
(select SUM(`performance`) as performance,department_id from qp_performance where DATE_FORMAT(add_time, '%Y%m') = DATE_FORMAT(CURDATE(), '%Y%m')
GROUP BY department_id) as a on d.id = a.department_id order by a.performance desc [ RunTime:0.0006s ]
NOTIC: [8] Undefined variable: i_month D:\phpStudy\WWW\oa\Application\Wap\Controller\PerformanceController.class.php 第 187 行.
NOTIC: [8] Undefined variable: i_month D:\phpStudy\WWW\oa\Application\Wap\Controller\PerformanceController.class.php 第 187 行.
NOTIC: [8] Undefined variable: i_month D:\phpStudy\WWW\oa\Application\Wap\Controller\PerformanceController.class.php 第 187 行.
NOTIC: [8] Undefined variable: i_month D:\phpStudy\WWW\oa\Application\Wap\Controller\PerformanceController.class.php 第 187 行.
NOTIC: [8] Undefined variable: i_month D:\phpStudy\WWW\oa\Application\Wap\Controller\PerformanceController.class.php 第 187 行.
NOTIC: [8] Undefined variable: i_month D:\phpStudy\WWW\oa\Application\Wap\Controller\PerformanceController.class.php 第 187 行.
NOTIC: [8] Undefined variable: i_month D:\phpStudy\WWW\oa\Application\Wap\Controller\PerformanceController.class.php 第 187 行.
NOTIC: [8] Undefined variable: i_month D:\phpStudy\WWW\oa\Application\Wap\Controller\PerformanceController.class.php 第 187 行.
NOTIC: [8] Undefined variable: i_month D:\phpStudy\WWW\oa\Application\Wap\Controller\PerformanceController.class.php 第 187 行.
NOTIC: [8] Undefined variable: i_month D:\phpStudy\WWW\oa\Application\Wap\Controller\PerformanceController.class.php 第 187 行.
NOTIC: [8] Undefined variable: i_month D:\phpStudy\WWW\oa\Application\Wap\Controller\PerformanceController.class.php 第 187 行.
NOTIC: [8] Undefined variable: i_month D:\phpStudy\WWW\oa\Application\Wap\Controller\PerformanceController.class.php 第 187 行.
NOTIC: [8] Undefined variable: i_month D:\phpStudy\WWW\oa\Application\Wap\Controller\PerformanceController.class.php 第 187 行.
INFO: [ view_parse ] --START--
INFO: [ template_filter ] --START--
INFO: Run Behavior\ContentReplaceBehavior [ RunTime:0.000040s ]
INFO: [ template_filter ] --END-- [ RunTime:0.000078s ]
NOTIC: [8] Undefined index: type D:\phpStudy\WWW\oa\Application\Runtime\Cache\Wap\fe233b39051fb871b14dd5d29cc2f1f9.php 第 44 行.
INFO: Run Behavior\ParseTemplateBehavior [ RunTime:0.007704s ]
INFO: [ view_parse ] --END-- [ RunTime:0.007750s ]
INFO: [ view_filter ] --START--
INFO: Run Behavior\WriteHtmlCacheBehavior [ RunTime:0.000544s ]
INFO: [ view_filter ] --END-- [ RunTime:0.000611s ]
INFO: [ app_end ] --START--
INFO: Run Behavior\ShowPageTraceBehavior [ RunTime:0.000785s ]
INFO: [ app_end ] --END-- [ RunTime:0.000831s ]

[ 2017-06-01T17:27:52+08:00 ] 127.0.0.1 /index.php/Wap/Performance/yearPerformanceList.html
INFO: [ app_init ] --START--
INFO: Run Behavior\BuildLiteBehavior [ RunTime:0.000012s ]
INFO: [ app_init ] --END-- [ RunTime:0.000535s ]
INFO: [ app_begin ] --START--
INFO: Run Behavior\ReadHtmlCacheBehavior [ RunTime:0.000954s ]
INFO: [ app_begin ] --END-- [ RunTime:0.001030s ]
SQL: select a.performance,d.department from `qp_department` as d LEFT JOIN 
(select SUM(`performance`) as performance,department_id from qp_performance where YEAR(add_time) = YEAR(now()) 
GROUP BY department_id) as a on d.id = a.department_id order by a.performance desc [ RunTime:0.0006s ]
NOTIC: [8] Undefined variable: i_month D:\phpStudy\WWW\oa\Application\Wap\Controller\PerformanceController.class.php 第 304 行.
NOTIC: [8] Undefined variable: i_month D:\phpStudy\WWW\oa\Application\Wap\Controller\PerformanceController.class.php 第 304 行.
NOTIC: [8] Undefined variable: i_month D:\phpStudy\WWW\oa\Application\Wap\Controller\PerformanceController.class.php 第 304 行.
NOTIC: [8] Undefined variable: i_month D:\phpStudy\WWW\oa\Application\Wap\Controller\PerformanceController.class.php 第 304 行.
NOTIC: [8] Undefined variable: i_month D:\phpStudy\WWW\oa\Application\Wap\Controller\PerformanceController.class.php 第 304 行.
NOTIC: [8] Undefined variable: i_month D:\phpStudy\WWW\oa\Application\Wap\Controller\PerformanceController.class.php 第 304 行.
NOTIC: [8] Undefined variable: i_month D:\phpStudy\WWW\oa\Application\Wap\Controller\PerformanceController.class.php 第 304 行.
NOTIC: [8] Undefined variable: i_month D:\phpStudy\WWW\oa\Application\Wap\Controller\PerformanceController.class.php 第 304 行.
NOTIC: [8] Undefined variable: i_month D:\phpStudy\WWW\oa\Application\Wap\Controller\PerformanceController.class.php 第 304 行.
NOTIC: [8] Undefined variable: i_month D:\phpStudy\WWW\oa\Application\Wap\Controller\PerformanceController.class.php 第 304 行.
NOTIC: [8] Undefined variable: i_month D:\phpStudy\WWW\oa\Application\Wap\Controller\PerformanceController.class.php 第 304 行.
INFO: [ view_parse ] --START--
INFO: [ template_filter ] --START--
INFO: Run Behavior\ContentReplaceBehavior [ RunTime:0.000054s ]
INFO: [ template_filter ] --END-- [ RunTime:0.000112s ]
NOTIC: [8] Undefined index: type D:\phpStudy\WWW\oa\Application\Runtime\Cache\Wap\fe233b39051fb871b14dd5d29cc2f1f9.php 第 44 行.
INFO: Run Behavior\ParseTemplateBehavior [ RunTime:0.008526s ]
INFO: [ view_parse ] --END-- [ RunTime:0.008566s ]
INFO: [ view_filter ] --START--
INFO: Run Behavior\WriteHtmlCacheBehavior [ RunTime:0.000436s ]
INFO: [ view_filter ] --END-- [ RunTime:0.000468s ]
INFO: [ app_end ] --START--
INFO: Run Behavior\ShowPageTraceBehavior [ RunTime:0.000644s ]
INFO: [ app_end ] --END-- [ RunTime:0.000699s ]

[ 2017-06-01T17:27:53+08:00 ] 127.0.0.1 /index.php/Wap/Performance/dayPerformanceList.html
INFO: [ app_init ] --START--
INFO: Run Behavior\BuildLiteBehavior [ RunTime:0.000013s ]
INFO: [ app_init ] --END-- [ RunTime:0.000538s ]
INFO: [ app_begin ] --START--
INFO: Run Behavior\ReadHtmlCacheBehavior [ RunTime:0.000730s ]
INFO: [ app_begin ] --END-- [ RunTime:0.000778s ]
SQL: select a.performance,d.department from `qp_department` as d LEFT JOIN 
(select SUM(`performance`) as performance,department_id from qp_performance where to_days(add_time) = to_days(now())
GROUP BY department_id) as a on d.id = a.department_id order by a.performance desc [ RunTime:0.0006s ]
INFO: [ view_parse ] --START--
INFO: [ template_filter ] --START--
INFO: Run Behavior\ContentReplaceBehavior [ RunTime:0.000045s ]
INFO: [ template_filter ] --END-- [ RunTime:0.000090s ]
INFO: Run Behavior\ParseTemplateBehavior [ RunTime:0.008189s ]
INFO: [ view_parse ] --END-- [ RunTime:0.008240s ]
INFO: [ view_filter ] --START--
INFO: Run Behavior\WriteHtmlCacheBehavior [ RunTime:0.000454s ]
INFO: [ view_filter ] --END-- [ RunTime:0.000488s ]
INFO: [ app_end ] --START--
INFO: Run Behavior\ShowPageTraceBehavior [ RunTime:0.000635s ]
INFO: [ app_end ] --END-- [ RunTime:0.000675s ]

[ 2017-06-01T17:27:54+08:00 ] 127.0.0.1 /index.php/Wap/Index/index.html
INFO: [ app_init ] --START--
INFO: Run Behavior\BuildLiteBehavior [ RunTime:0.000016s ]
INFO: [ app_init ] --END-- [ RunTime:0.000533s ]
INFO: [ app_begin ] --START--
INFO: Run Behavior\ReadHtmlCacheBehavior [ RunTime:0.000662s ]
INFO: [ app_begin ] --END-- [ RunTime:0.000702s ]

[ 2017-06-01T17:27:54+08:00 ] 127.0.0.1 /index.php/Wap/Index/mainView.html
INFO: [ app_init ] --START--
INFO: Run Behavior\BuildLiteBehavior [ RunTime:0.000013s ]
INFO: [ app_init ] --END-- [ RunTime:0.000388s ]
INFO: [ app_begin ] --START--
INFO: Run Behavior\ReadHtmlCacheBehavior [ RunTime:0.000777s ]
INFO: [ app_begin ] --END-- [ RunTime:0.000838s ]
INFO: [ view_parse ] --START--
INFO: [ template_filter ] --START--
INFO: Run Behavior\ContentReplaceBehavior [ RunTime:0.000035s ]
INFO: [ template_filter ] --END-- [ RunTime:0.000076s ]
INFO: Run Behavior\ParseTemplateBehavior [ RunTime:0.006036s ]
INFO: [ view_parse ] --END-- [ RunTime:0.006098s ]
INFO: [ view_filter ] --START--
INFO: Run Behavior\WriteHtmlCacheBehavior [ RunTime:0.000353s ]
INFO: [ view_filter ] --END-- [ RunTime:0.000384s ]
INFO: [ app_end ] --START--
INFO: Run Behavior\ShowPageTraceBehavior [ RunTime:0.000619s ]
INFO: [ app_end ] --END-- [ RunTime:0.000654s ]

[ 2017-06-01T17:27:56+08:00 ] 127.0.0.1 /index.php/Wap/Performance/yearPerformanceList.html
INFO: [ app_init ] --START--
INFO: Run Behavior\BuildLiteBehavior [ RunTime:0.000026s ]
INFO: [ app_init ] --END-- [ RunTime:0.000755s ]
INFO: [ app_begin ] --START--
INFO: Run Behavior\ReadHtmlCacheBehavior [ RunTime:0.000959s ]
INFO: [ app_begin ] --END-- [ RunTime:0.001039s ]
SQL: select a.performance,d.department from `qp_department` as d LEFT JOIN 
(select SUM(`performance`) as performance,department_id from qp_performance where YEAR(add_time) = YEAR(now()) 
GROUP BY department_id) as a on d.id = a.department_id order by a.performance desc [ RunTime:0.0007s ]
NOTIC: [8] Undefined variable: i_month D:\phpStudy\WWW\oa\Application\Wap\Controller\PerformanceController.class.php 第 304 行.
NOTIC: [8] Undefined variable: i_month D:\phpStudy\WWW\oa\Application\Wap\Controller\PerformanceController.class.php 第 304 行.
NOTIC: [8] Undefined variable: i_month D:\phpStudy\WWW\oa\Application\Wap\Controller\PerformanceController.class.php 第 304 行.
NOTIC: [8] Undefined variable: i_month D:\phpStudy\WWW\oa\Application\Wap\Controller\PerformanceController.class.php 第 304 行.
NOTIC: [8] Undefined variable: i_month D:\phpStudy\WWW\oa\Application\Wap\Controller\PerformanceController.class.php 第 304 行.
NOTIC: [8] Undefined variable: i_month D:\phpStudy\WWW\oa\Application\Wap\Controller\PerformanceController.class.php 第 304 行.
NOTIC: [8] Undefined variable: i_month D:\phpStudy\WWW\oa\Application\Wap\Controller\PerformanceController.class.php 第 304 行.
NOTIC: [8] Undefined variable: i_month D:\phpStudy\WWW\oa\Application\Wap\Controller\PerformanceController.class.php 第 304 行.
NOTIC: [8] Undefined variable: i_month D:\phpStudy\WWW\oa\Application\Wap\Controller\PerformanceController.class.php 第 304 行.
NOTIC: [8] Undefined variable: i_month D:\phpStudy\WWW\oa\Application\Wap\Controller\PerformanceController.class.php 第 304 行.
NOTIC: [8] Undefined variable: i_month D:\phpStudy\WWW\oa\Application\Wap\Controller\PerformanceController.class.php 第 304 行.
INFO: [ view_parse ] --START--
INFO: [ template_filter ] --START--
INFO: Run Behavior\ContentReplaceBehavior [ RunTime:0.000061s ]
INFO: [ template_filter ] --END-- [ RunTime:0.000120s ]
NOTIC: [8] Undefined index: type D:\phpStudy\WWW\oa\Application\Runtime\Cache\Wap\fe233b39051fb871b14dd5d29cc2f1f9.php 第 44 行.
INFO: Run Behavior\ParseTemplateBehavior [ RunTime:0.009380s ]
INFO: [ view_parse ] --END-- [ RunTime:0.009427s ]
INFO: [ view_filter ] --START--
INFO: Run Behavior\WriteHtmlCacheBehavior [ RunTime:0.000420s ]
INFO: [ view_filter ] --END-- [ RunTime:0.000451s ]
INFO: [ app_end ] --START--
INFO: Run Behavior\ShowPageTraceBehavior [ RunTime:0.000691s ]
INFO: [ app_end ] --END-- [ RunTime:0.000747s ]

[ 2017-06-01T17:27:57+08:00 ] 127.0.0.1 /index.php/Wap/Performance/monthPerformanceList.html
INFO: [ app_init ] --START--
INFO: Run Behavior\BuildLiteBehavior [ RunTime:0.000012s ]
INFO: [ app_init ] --END-- [ RunTime:0.000604s ]
INFO: [ app_begin ] --START--
INFO: Run Behavior\ReadHtmlCacheBehavior [ RunTime:0.000679s ]
INFO: [ app_begin ] --END-- [ RunTime:0.000719s ]
SQL: select a.performance,d.department from `qp_department` as d LEFT JOIN 
(select SUM(`performance`) as performance,department_id from qp_performance where DATE_FORMAT(add_time, '%Y%m') = DATE_FORMAT(CURDATE(), '%Y%m')
GROUP BY department_id) as a on d.id = a.department_id order by a.performance desc [ RunTime:0.0007s ]
NOTIC: [8] Undefined variable: i_month D:\phpStudy\WWW\oa\Application\Wap\Controller\PerformanceController.class.php 第 187 行.
NOTIC: [8] Undefined variable: i_month D:\phpStudy\WWW\oa\Application\Wap\Controller\PerformanceController.class.php 第 187 行.
NOTIC: [8] Undefined variable: i_month D:\phpStudy\WWW\oa\Application\Wap\Controller\PerformanceController.class.php 第 187 行.
NOTIC: [8] Undefined variable: i_month D:\phpStudy\WWW\oa\Application\Wap\Controller\PerformanceController.class.php 第 187 行.
NOTIC: [8] Undefined variable: i_month D:\phpStudy\WWW\oa\Application\Wap\Controller\PerformanceController.class.php 第 187 行.
NOTIC: [8] Undefined variable: i_month D:\phpStudy\WWW\oa\Application\Wap\Controller\PerformanceController.class.php 第 187 行.
NOTIC: [8] Undefined variable: i_month D:\phpStudy\WWW\oa\Application\Wap\Controller\PerformanceController.class.php 第 187 行.
NOTIC: [8] Undefined variable: i_month D:\phpStudy\WWW\oa\Application\Wap\Controller\PerformanceController.class.php 第 187 行.
NOTIC: [8] Undefined variable: i_month D:\phpStudy\WWW\oa\Application\Wap\Controller\PerformanceController.class.php 第 187 行.
NOTIC: [8] Undefined variable: i_month D:\phpStudy\WWW\oa\Application\Wap\Controller\PerformanceController.class.php 第 187 行.
NOTIC: [8] Undefined variable: i_month D:\phpStudy\WWW\oa\Application\Wap\Controller\PerformanceController.class.php 第 187 行.
NOTIC: [8] Undefined variable: i_month D:\phpStudy\WWW\oa\Application\Wap\Controller\PerformanceController.class.php 第 187 行.
NOTIC: [8] Undefined variable: i_month D:\phpStudy\WWW\oa\Application\Wap\Controller\PerformanceController.class.php 第 187 行.
INFO: [ view_parse ] --START--
INFO: [ template_filter ] --START--
INFO: Run Behavior\ContentReplaceBehavior [ RunTime:0.000073s ]
INFO: [ template_filter ] --END-- [ RunTime:0.000182s ]
NOTIC: [8] Undefined index: type D:\phpStudy\WWW\oa\Application\Runtime\Cache\Wap\fe233b39051fb871b14dd5d29cc2f1f9.php 第 44 行.
INFO: Run Behavior\ParseTemplateBehavior [ RunTime:0.011296s ]
INFO: [ view_parse ] --END-- [ RunTime:0.011334s ]
INFO: [ view_filter ] --START--
INFO: Run Behavior\WriteHtmlCacheBehavior [ RunTime:0.000516s ]
INFO: [ view_filter ] --END-- [ RunTime:0.000547s ]
INFO: [ app_end ] --START--
INFO: Run Behavior\ShowPageTraceBehavior [ RunTime:0.000742s ]
INFO: [ app_end ] --END-- [ RunTime:0.000777s ]

[ 2017-06-01T17:27:59+08:00 ] 127.0.0.1 /index.php/Wap/Performance/dayPerformanceList.html
INFO: [ app_init ] --START--
INFO: Run Behavior\BuildLiteBehavior [ RunTime:0.000013s ]
INFO: [ app_init ] --END-- [ RunTime:0.000444s ]
INFO: [ app_begin ] --START--
INFO: Run Behavior\ReadHtmlCacheBehavior [ RunTime:0.000735s ]
INFO: [ app_begin ] --END-- [ RunTime:0.000776s ]
SQL: select a.performance,d.department from `qp_department` as d LEFT JOIN 
(select SUM(`performance`) as performance,department_id from qp_performance where to_days(add_time) = to_days(now())
GROUP BY department_id) as a on d.id = a.department_id order by a.performance desc [ RunTime:0.0008s ]
INFO: [ view_parse ] --START--
INFO: [ template_filter ] --START--
INFO: Run Behavior\ContentReplaceBehavior [ RunTime:0.000060s ]
INFO: [ template_filter ] --END-- [ RunTime:0.000104s ]
INFO: Run Behavior\ParseTemplateBehavior [ RunTime:0.007928s ]
INFO: [ view_parse ] --END-- [ RunTime:0.007978s ]
INFO: [ view_filter ] --START--
INFO: Run Behavior\WriteHtmlCacheBehavior [ RunTime:0.000359s ]
INFO: [ view_filter ] --END-- [ RunTime:0.000391s ]
INFO: [ app_end ] --START--
INFO: Run Behavior\ShowPageTraceBehavior [ RunTime:0.000650s ]
INFO: [ app_end ] --END-- [ RunTime:0.000686s ]

[ 2017-06-01T17:28:00+08:00 ] 127.0.0.1 /index.php/Wap/Performance/monthPerformanceList.html
INFO: [ app_init ] --START--
INFO: Run Behavior\BuildLiteBehavior [ RunTime:0.000013s ]
INFO: [ app_init ] --END-- [ RunTime:0.000536s ]
INFO: [ app_begin ] --START--
INFO: Run Behavior\ReadHtmlCacheBehavior [ RunTime:0.000656s ]
INFO: [ app_begin ] --END-- [ RunTime:0.000695s ]
SQL: select a.performance,d.department from `qp_department` as d LEFT JOIN 
(select SUM(`performance`) as performance,department_id from qp_performance where DATE_FORMAT(add_time, '%Y%m') = DATE_FORMAT(CURDATE(), '%Y%m')
GROUP BY department_id) as a on d.id = a.department_id order by a.performance desc [ RunTime:0.0006s ]
NOTIC: [8] Undefined variable: i_month D:\phpStudy\WWW\oa\Application\Wap\Controller\PerformanceController.class.php 第 187 行.
NOTIC: [8] Undefined variable: i_month D:\phpStudy\WWW\oa\Application\Wap\Controller\PerformanceController.class.php 第 187 行.
NOTIC: [8] Undefined variable: i_month D:\phpStudy\WWW\oa\Application\Wap\Controller\PerformanceController.class.php 第 187 行.
NOTIC: [8] Undefined variable: i_month D:\phpStudy\WWW\oa\Application\Wap\Controller\PerformanceController.class.php 第 187 行.
NOTIC: [8] Undefined variable: i_month D:\phpStudy\WWW\oa\Application\Wap\Controller\PerformanceController.class.php 第 187 行.
NOTIC: [8] Undefined variable: i_month D:\phpStudy\WWW\oa\Application\Wap\Controller\PerformanceController.class.php 第 187 行.
NOTIC: [8] Undefined variable: i_month D:\phpStudy\WWW\oa\Application\Wap\Controller\PerformanceController.class.php 第 187 行.
NOTIC: [8] Undefined variable: i_month D:\phpStudy\WWW\oa\Application\Wap\Controller\PerformanceController.class.php 第 187 行.
NOTIC: [8] Undefined variable: i_month D:\phpStudy\WWW\oa\Application\Wap\Controller\PerformanceController.class.php 第 187 行.
NOTIC: [8] Undefined variable: i_month D:\phpStudy\WWW\oa\Application\Wap\Controller\PerformanceController.class.php 第 187 行.
NOTIC: [8] Undefined variable: i_month D:\phpStudy\WWW\oa\Application\Wap\Controller\PerformanceController.class.php 第 187 行.
NOTIC: [8] Undefined variable: i_month D:\phpStudy\WWW\oa\Application\Wap\Controller\PerformanceController.class.php 第 187 行.
NOTIC: [8] Undefined variable: i_month D:\phpStudy\WWW\oa\Application\Wap\Controller\PerformanceController.class.php 第 187 行.
INFO: [ view_parse ] --START--
INFO: [ template_filter ] --START--
INFO: Run Behavior\ContentReplaceBehavior [ RunTime:0.000041s ]
INFO: [ template_filter ] --END-- [ RunTime:0.000085s ]
NOTIC: [8] Undefined index: type D:\phpStudy\WWW\oa\Application\Runtime\Cache\Wap\fe233b39051fb871b14dd5d29cc2f1f9.php 第 44 行.
INFO: Run Behavior\ParseTemplateBehavior [ RunTime:0.007400s ]
INFO: [ view_parse ] --END-- [ RunTime:0.007436s ]
INFO: [ view_filter ] --START--
INFO: Run Behavior\WriteHtmlCacheBehavior [ RunTime:0.000409s ]
INFO: [ view_filter ] --END-- [ RunTime:0.000441s ]
INFO: [ app_end ] --START--
INFO: Run Behavior\ShowPageTraceBehavior [ RunTime:0.000549s ]
INFO: [ app_end ] --END-- [ RunTime:0.000625s ]

[ 2017-06-01T17:28:03+08:00 ] 127.0.0.1 /index.php/Wap/Performance/monthPerformanceList.html
INFO: [ app_init ] --START--
INFO: Run Behavior\BuildLiteBehavior [ RunTime:0.000013s ]
INFO: [ app_init ] --END-- [ RunTime:0.000402s ]
INFO: [ app_begin ] --START--
INFO: Run Behavior\ReadHtmlCacheBehavior [ RunTime:0.000673s ]
INFO: [ app_begin ] --END-- [ RunTime:0.000721s ]
SQL: select a.performance,d.department from `qp_department` as d LEFT JOIN 
(select SUM(`performance`) as performance,department_id from qp_performance where add_time > '2016-08-01' and add_time < '2016-08-31'
GROUP BY department_id) as a on d.id = a.department_id order by a.performance desc [ RunTime:0.0006s ]
INFO: [ view_parse ] --START--
INFO: [ template_filter ] --START--
INFO: Run Behavior\ContentReplaceBehavior [ RunTime:0.000041s ]
INFO: [ template_filter ] --END-- [ RunTime:0.000084s ]
NOTIC: [8] Undefined index: type D:\phpStudy\WWW\oa\Application\Runtime\Cache\Wap\fe233b39051fb871b14dd5d29cc2f1f9.php 第 44 行.
INFO: Run Behavior\ParseTemplateBehavior [ RunTime:0.009642s ]
INFO: [ view_parse ] --END-- [ RunTime:0.009698s ]
INFO: [ view_filter ] --START--
INFO: Run Behavior\WriteHtmlCacheBehavior [ RunTime:0.000428s ]
INFO: [ view_filter ] --END-- [ RunTime:0.000456s ]
INFO: [ app_end ] --START--
INFO: Run Behavior\ShowPageTraceBehavior [ RunTime:0.000631s ]
INFO: [ app_end ] --END-- [ RunTime:0.000663s ]

[ 2017-06-01T17:35:23+08:00 ] 127.0.0.1 /index.php/Wap/Performance/monthPerformanceList.html
INFO: [ app_init ] --START--
INFO: Run Behavior\BuildLiteBehavior [ RunTime:0.000019s ]
INFO: [ app_init ] --END-- [ RunTime:0.000616s ]
INFO: [ app_begin ] --START--
INFO: Run Behavior\ReadHtmlCacheBehavior [ RunTime:0.000851s ]
INFO: [ app_begin ] --END-- [ RunTime:0.000896s ]
SQL: select a.performance,d.department from `qp_department` as d LEFT JOIN 
(select SUM(`performance`) as performance,department_id from qp_performance where DATE_FORMAT(add_time, '%Y%m') = DATE_FORMAT(CURDATE(), '%Y%m')
GROUP BY department_id) as a on d.id = a.department_id order by a.performance desc [ RunTime:0.0010s ]
NOTIC: [8] Undefined variable: i_month D:\phpStudy\WWW\oa\Application\Wap\Controller\PerformanceController.class.php 第 187 行.
NOTIC: [8] Undefined variable: i_month D:\phpStudy\WWW\oa\Application\Wap\Controller\PerformanceController.class.php 第 187 行.
NOTIC: [8] Undefined variable: i_month D:\phpStudy\WWW\oa\Application\Wap\Controller\PerformanceController.class.php 第 187 行.
NOTIC: [8] Undefined variable: i_month D:\phpStudy\WWW\oa\Application\Wap\Controller\PerformanceController.class.php 第 187 行.
NOTIC: [8] Undefined variable: i_month D:\phpStudy\WWW\oa\Application\Wap\Controller\PerformanceController.class.php 第 187 行.
NOTIC: [8] Undefined variable: i_month D:\phpStudy\WWW\oa\Application\Wap\Controller\PerformanceController.class.php 第 187 行.
NOTIC: [8] Undefined variable: i_month D:\phpStudy\WWW\oa\Application\Wap\Controller\PerformanceController.class.php 第 187 行.
NOTIC: [8] Undefined variable: i_month D:\phpStudy\WWW\oa\Application\Wap\Controller\PerformanceController.class.php 第 187 行.
NOTIC: [8] Undefined variable: i_month D:\phpStudy\WWW\oa\Application\Wap\Controller\PerformanceController.class.php 第 187 行.
NOTIC: [8] Undefined variable: i_month D:\phpStudy\WWW\oa\Application\Wap\Controller\PerformanceController.class.php 第 187 行.
NOTIC: [8] Undefined variable: i_month D:\phpStudy\WWW\oa\Application\Wap\Controller\PerformanceController.class.php 第 187 行.
NOTIC: [8] Undefined variable: i_month D:\phpStudy\WWW\oa\Application\Wap\Controller\PerformanceController.class.php 第 187 行.
NOTIC: [8] Undefined variable: i_month D:\phpStudy\WWW\oa\Application\Wap\Controller\PerformanceController.class.php 第 187 行.
INFO: [ view_parse ] --START--
INFO: [ template_filter ] --START--
INFO: Run Behavior\ContentReplaceBehavior [ RunTime:0.000041s ]
INFO: [ template_filter ] --END-- [ RunTime:0.000079s ]
NOTIC: [8] Undefined index: type D:\phpStudy\WWW\oa\Application\Runtime\Cache\Wap\fe233b39051fb871b14dd5d29cc2f1f9.php 第 44 行.
INFO: Run Behavior\ParseTemplateBehavior [ RunTime:0.008427s ]
INFO: [ view_parse ] --END-- [ RunTime:0.008470s ]
INFO: [ view_filter ] --START--
INFO: Run Behavior\WriteHtmlCacheBehavior [ RunTime:0.000432s ]
INFO: [ view_filter ] --END-- [ RunTime:0.000463s ]
INFO: [ app_end ] --START--
INFO: Run Behavior\ShowPageTraceBehavior [ RunTime:0.000708s ]
INFO: [ app_end ] --END-- [ RunTime:0.000739s ]

[ 2017-06-01T21:24:07+08:00 ] 127.0.0.1 /
INFO: [ app_init ] --START--
INFO: Run Behavior\BuildLiteBehavior [ RunTime:0.000012s ]
INFO: [ app_init ] --END-- [ RunTime:0.000319s ]
INFO: [ app_begin ] --START--
INFO: Run Behavior\ReadHtmlCacheBehavior [ RunTime:0.000456s ]
INFO: [ app_begin ] --END-- [ RunTime:0.000495s ]

[ 2017-06-01T21:24:07+08:00 ] 127.0.0.1 /index.php/Wap/Index/loginView.html
INFO: [ app_init ] --START--
INFO: Run Behavior\BuildLiteBehavior [ RunTime:0.000011s ]
INFO: [ app_init ] --END-- [ RunTime:0.000294s ]
INFO: [ app_begin ] --START--
INFO: Run Behavior\ReadHtmlCacheBehavior [ RunTime:0.000369s ]
INFO: [ app_begin ] --END-- [ RunTime:0.000408s ]
INFO: [ view_parse ] --START--
INFO: [ template_filter ] --START--
INFO: Run Behavior\ContentReplaceBehavior [ RunTime:0.000076s ]
INFO: [ template_filter ] --END-- [ RunTime:0.000116s ]
INFO: Run Behavior\ParseTemplateBehavior [ RunTime:0.006220s ]
INFO: [ view_parse ] --END-- [ RunTime:0.006268s ]
INFO: [ view_filter ] --START--
INFO: Run Behavior\WriteHtmlCacheBehavior [ RunTime:0.000327s ]
INFO: [ view_filter ] --END-- [ RunTime:0.000357s ]
INFO: [ app_end ] --START--
INFO: Run Behavior\ShowPageTraceBehavior [ RunTime:0.000455s ]
INFO: [ app_end ] --END-- [ RunTime:0.000493s ]

[ 2017-06-01T21:24:09+08:00 ] 127.0.0.1 /Wap/Index/login
INFO: [ app_init ] --START--
INFO: Run Behavior\BuildLiteBehavior [ RunTime:0.000008s ]
INFO: [ app_init ] --END-- [ RunTime:0.000275s ]
INFO: [ app_begin ] --START--
INFO: Run Behavior\ReadHtmlCacheBehavior [ RunTime:0.000361s ]
INFO: [ app_begin ] --END-- [ RunTime:0.000397s ]
SQL: select * from `qp_member` where `username`  = 'admin' and `pwd` = '21232f297a57a5a743894a0e4a801fc3' [ RunTime:0.0003s ]
NOTIC: [8] Undefined offset: 0 E:\phpStudy\WWW\oa\Application\Home\Model\AdminModel.class.php 第 50 行.

[ 2017-06-01T21:24:24+08:00 ] 127.0.0.1 /
INFO: [ app_init ] --START--
INFO: Run Behavior\BuildLiteBehavior [ RunTime:0.000012s ]
INFO: [ app_init ] --END-- [ RunTime:0.000326s ]
INFO: [ app_begin ] --START--
INFO: Run Behavior\ReadHtmlCacheBehavior [ RunTime:0.000373s ]
INFO: [ app_begin ] --END-- [ RunTime:0.000413s ]

[ 2017-06-01T21:24:24+08:00 ] 127.0.0.1 /index.php/Wap/Index/loginView.html
INFO: [ app_init ] --START--
INFO: Run Behavior\BuildLiteBehavior [ RunTime:0.000016s ]
INFO: [ app_init ] --END-- [ RunTime:0.000332s ]
INFO: [ app_begin ] --START--
INFO: Run Behavior\ReadHtmlCacheBehavior [ RunTime:0.000372s ]
INFO: [ app_begin ] --END-- [ RunTime:0.000414s ]
INFO: [ view_parse ] --START--
INFO: [ template_filter ] --START--
INFO: Run Behavior\ContentReplaceBehavior [ RunTime:0.000035s ]
INFO: [ template_filter ] --END-- [ RunTime:0.000078s ]
INFO: Run Behavior\ParseTemplateBehavior [ RunTime:0.005382s ]
INFO: [ view_parse ] --END-- [ RunTime:0.005432s ]
INFO: [ view_filter ] --START--
INFO: Run Behavior\WriteHtmlCacheBehavior [ RunTime:0.000242s ]
INFO: [ view_filter ] --END-- [ RunTime:0.000273s ]
INFO: [ app_end ] --START--
INFO: Run Behavior\ShowPageTraceBehavior [ RunTime:0.000389s ]
INFO: [ app_end ] --END-- [ RunTime:0.000423s ]

[ 2017-06-01T21:24:28+08:00 ] 127.0.0.1 /Wap/Index/login
INFO: [ app_init ] --START--
INFO: Run Behavior\BuildLiteBehavior [ RunTime:0.000008s ]
INFO: [ app_init ] --END-- [ RunTime:0.000276s ]
INFO: [ app_begin ] --START--
INFO: Run Behavior\ReadHtmlCacheBehavior [ RunTime:0.000333s ]
INFO: [ app_begin ] --END-- [ RunTime:0.000364s ]
SQL: select * from `qp_member` where `username`  = 'qwe123' and `pwd` = '46f94c8de14fb36680850768ff1b7f2a' [ RunTime:0.0002s ]
NOTIC: [8] Undefined offset: 0 E:\phpStudy\WWW\oa\Application\Home\Model\AdminModel.class.php 第 50 行.

[ 2017-06-01T21:24:31+08:00 ] 127.0.0.1 /Wap/Index/login
INFO: [ app_init ] --START--
INFO: Run Behavior\BuildLiteBehavior [ RunTime:0.000018s ]
INFO: [ app_init ] --END-- [ RunTime:0.000366s ]
INFO: [ app_begin ] --START--
INFO: Run Behavior\ReadHtmlCacheBehavior [ RunTime:0.000440s ]
INFO: [ app_begin ] --END-- [ RunTime:0.000491s ]
SQL: select * from `qp_member` where `username`  = 'qwe123' and `pwd` = '200820e3227815ed1756a6b531e7e0d2' [ RunTime:0.0002s ]

[ 2017-06-01T21:24:31+08:00 ] 127.0.0.1 /Wap/Index/index
INFO: [ app_init ] --START--
INFO: Run Behavior\BuildLiteBehavior [ RunTime:0.000010s ]
INFO: [ app_init ] --END-- [ RunTime:0.000296s ]
INFO: [ app_begin ] --START--
INFO: Run Behavior\ReadHtmlCacheBehavior [ RunTime:0.000351s ]
INFO: [ app_begin ] --END-- [ RunTime:0.000389s ]

[ 2017-06-01T21:24:31+08:00 ] 127.0.0.1 /index.php/Wap/Index/mainView.html
INFO: [ app_init ] --START--
INFO: Run Behavior\BuildLiteBehavior [ RunTime:0.000010s ]
INFO: [ app_init ] --END-- [ RunTime:0.000292s ]
INFO: [ app_begin ] --START--
INFO: Run Behavior\ReadHtmlCacheBehavior [ RunTime:0.000352s ]
INFO: [ app_begin ] --END-- [ RunTime:0.000389s ]
INFO: [ view_parse ] --START--
INFO: [ template_filter ] --START--
INFO: Run Behavior\ContentReplaceBehavior [ RunTime:0.000034s ]
INFO: [ template_filter ] --END-- [ RunTime:0.000082s ]
INFO: Run Behavior\ParseTemplateBehavior [ RunTime:0.006438s ]
INFO: [ view_parse ] --END-- [ RunTime:0.006487s ]
INFO: [ view_filter ] --START--
INFO: Run Behavior\WriteHtmlCacheBehavior [ RunTime:0.000252s ]
INFO: [ view_filter ] --END-- [ RunTime:0.000281s ]
INFO: [ app_end ] --START--
INFO: Run Behavior\ShowPageTraceBehavior [ RunTime:0.000370s ]
INFO: [ app_end ] --END-- [ RunTime:0.000400s ]

[ 2017-06-01T21:24:37+08:00 ] 127.0.0.1 /index.php/Wap/Index/mainView.html
INFO: [ app_init ] --START--
INFO: Run Behavior\BuildLiteBehavior [ RunTime:0.000009s ]
INFO: [ app_init ] --END-- [ RunTime:0.000315s ]
INFO: [ app_begin ] --START--
INFO: Run Behavior\ReadHtmlCacheBehavior [ RunTime:0.000388s ]
INFO: [ app_begin ] --END-- [ RunTime:0.000422s ]
INFO: [ view_parse ] --START--
INFO: [ template_filter ] --START--
INFO: Run Behavior\ContentReplaceBehavior [ RunTime:0.000032s ]
INFO: [ template_filter ] --END-- [ RunTime:0.000070s ]
INFO: Run Behavior\ParseTemplateBehavior [ RunTime:0.005901s ]
INFO: [ view_parse ] --END-- [ RunTime:0.005946s ]
INFO: [ view_filter ] --START--
INFO: Run Behavior\WriteHtmlCacheBehavior [ RunTime:0.000234s ]
INFO: [ view_filter ] --END-- [ RunTime:0.000261s ]
INFO: [ app_end ] --START--
INFO: Run Behavior\ShowPageTraceBehavior [ RunTime:0.000410s ]
INFO: [ app_end ] --END-- [ RunTime:0.000439s ]

[ 2017-06-01T21:24:39+08:00 ] 127.0.0.1 /index.php/Wap/Performance/monthPerformanceList.html
INFO: [ app_init ] --START--
INFO: Run Behavior\BuildLiteBehavior [ RunTime:0.000014s ]
INFO: [ app_init ] --END-- [ RunTime:0.000336s ]
INFO: [ app_begin ] --START--
INFO: Run Behavior\ReadHtmlCacheBehavior [ RunTime:0.000411s ]
INFO: [ app_begin ] --END-- [ RunTime:0.000451s ]
SQL: select a.performance,d.department from `qp_department` as d LEFT JOIN 
(select SUM(`performance`) as performance,department_id from qp_performance where DATE_FORMAT(add_time, '%Y%m') = DATE_FORMAT(CURDATE(), '%Y%m')
GROUP BY department_id) as a on d.id = a.department_id order by a.performance desc [ RunTime:0.0007s ]
NOTIC: [8] Undefined variable: i_month E:\phpStudy\WWW\oa\Application\Wap\Controller\PerformanceController.class.php 第 187 行.
NOTIC: [8] Undefined variable: i_month E:\phpStudy\WWW\oa\Application\Wap\Controller\PerformanceController.class.php 第 187 行.
NOTIC: [8] Undefined variable: i_month E:\phpStudy\WWW\oa\Application\Wap\Controller\PerformanceController.class.php 第 187 行.
NOTIC: [8] Undefined variable: i_month E:\phpStudy\WWW\oa\Application\Wap\Controller\PerformanceController.class.php 第 187 行.
NOTIC: [8] Undefined variable: i_month E:\phpStudy\WWW\oa\Application\Wap\Controller\PerformanceController.class.php 第 187 行.
NOTIC: [8] Undefined variable: i_month E:\phpStudy\WWW\oa\Application\Wap\Controller\PerformanceController.class.php 第 187 行.
NOTIC: [8] Undefined variable: i_month E:\phpStudy\WWW\oa\Application\Wap\Controller\PerformanceController.class.php 第 187 行.
NOTIC: [8] Undefined variable: i_month E:\phpStudy\WWW\oa\Application\Wap\Controller\PerformanceController.class.php 第 187 行.
NOTIC: [8] Undefined variable: i_month E:\phpStudy\WWW\oa\Application\Wap\Controller\PerformanceController.class.php 第 187 行.
NOTIC: [8] Undefined variable: i_month E:\phpStudy\WWW\oa\Application\Wap\Controller\PerformanceController.class.php 第 187 行.
NOTIC: [8] Undefined variable: i_month E:\phpStudy\WWW\oa\Application\Wap\Controller\PerformanceController.class.php 第 187 行.
NOTIC: [8] Undefined variable: i_month E:\phpStudy\WWW\oa\Application\Wap\Controller\PerformanceController.class.php 第 187 行.
NOTIC: [8] Undefined variable: i_month E:\phpStudy\WWW\oa\Application\Wap\Controller\PerformanceController.class.php 第 187 行.
INFO: [ view_parse ] --START--
INFO: [ template_filter ] --START--
INFO: Run Behavior\ContentReplaceBehavior [ RunTime:0.000049s ]
INFO: [ template_filter ] --END-- [ RunTime:0.000096s ]
NOTIC: [8] Undefined index: type E:\phpStudy\WWW\oa\Application\Runtime\Cache\Wap\fe233b39051fb871b14dd5d29cc2f1f9.php 第 44 行.
INFO: Run Behavior\ParseTemplateBehavior [ RunTime:0.007328s ]
INFO: [ view_parse ] --END-- [ RunTime:0.007362s ]
INFO: [ view_filter ] --START--
INFO: Run Behavior\WriteHtmlCacheBehavior [ RunTime:0.000299s ]
INFO: [ view_filter ] --END-- [ RunTime:0.000326s ]
INFO: [ app_end ] --START--
INFO: Run Behavior\ShowPageTraceBehavior [ RunTime:0.000439s ]
INFO: [ app_end ] --END-- [ RunTime:0.000468s ]

[ 2017-06-01T21:24:43+08:00 ] 127.0.0.1 /index.php/Wap/Performance/monthPerformanceList.html
INFO: [ app_init ] --START--
INFO: Run Behavior\BuildLiteBehavior [ RunTime:0.000012s ]
INFO: [ app_init ] --END-- [ RunTime:0.000348s ]
INFO: [ app_begin ] --START--
INFO: Run Behavior\ReadHtmlCacheBehavior [ RunTime:0.000434s ]
INFO: [ app_begin ] --END-- [ RunTime:0.000473s ]
SQL: select a.performance,d.department from `qp_department` as d LEFT JOIN 
(select SUM(`performance`) as performance,department_id from qp_performance where add_time > '2016-08-01' and add_time < '2016-08-31'
GROUP BY department_id) as a on d.id = a.department_id order by a.performance desc [ RunTime:0.0007s ]
INFO: [ view_parse ] --START--
INFO: [ template_filter ] --START--
INFO: Run Behavior\ContentReplaceBehavior [ RunTime:0.000042s ]
INFO: [ template_filter ] --END-- [ RunTime:0.000086s ]
NOTIC: [8] Undefined index: type E:\phpStudy\WWW\oa\Application\Runtime\Cache\Wap\fe233b39051fb871b14dd5d29cc2f1f9.php 第 44 行.
INFO: Run Behavior\ParseTemplateBehavior [ RunTime:0.007289s ]
INFO: [ view_parse ] --END-- [ RunTime:0.007340s ]
INFO: [ view_filter ] --START--
INFO: Run Behavior\WriteHtmlCacheBehavior [ RunTime:0.000399s ]
INFO: [ view_filter ] --END-- [ RunTime:0.000432s ]
INFO: [ app_end ] --START--
INFO: Run Behavior\ShowPageTraceBehavior [ RunTime:0.000457s ]
INFO: [ app_end ] --END-- [ RunTime:0.000489s ]

